<?xml version="1.0" encoding="UTF-8"?>
<testsuite name="games.gameOfFifteen.TestGameOfFifteenInitializer" tests="2" skipped="0" failures="0" errors="0" timestamp="2020-10-16T22:26:19" hostname="DESKTOP-CPO1OKJ" time="0.026">
  <properties/>
  <testcase name="testInitialPermutationIsEven" classname="games.gameOfFifteen.TestGameOfFifteenInitializer" time="0.025"/>
  <testcase name="testInitialPermutationIsNotTrivial" classname="games.gameOfFifteen.TestGameOfFifteenInitializer" time="0.001"/>
  <system-out><![CDATA[]]></system-out>
  <system-err><![CDATA[]]></system-err>
</testsuite>
